<?xml version="1.0" encoding="UTF-8"?>
<!-- Generated by org.testng.reporters.JUnitReportReporter -->
<testsuite skipped="0" hostname="LAPTOP-BEN7RKBM" name="com.testing.DriverScriptTest" tests="1" failures="0" timestamp="23 Oct 2018 03:49:22 GMT" time="23.417" errors="0">
  <testcase name="mainMethod" time="23.417" classname="com.testing.DriverScriptTest"/>
</testsuite> <!-- com.testing.DriverScriptTest -->
