<?xml version="1.0" encoding="UTF-8"?>
<!-- Generated by org.testng.reporters.JUnitReportReporter -->
<testsuite skipped="0" hostname="LAPTOP-BEN7RKBM" name="DriverScriptTest" tests="1" failures="0" timestamp="21 Oct 2018 23:34:53 GMT" time="521.349" errors="0">
  <testcase name="mainMethod" time="521.349" classname="DriverScriptTest"/>
</testsuite> <!-- DriverScriptTest -->
