<?xml version="1.0" encoding="UTF-8"?>
<!-- Generated by org.testng.reporters.JUnitReportReporter -->
<testsuite skipped="0" hostname="LAPTOP-BEN7RKBM" name="com.testing.DriverScriptTest" tests="1" failures="0" timestamp="23 Oct 2018 03:48:26 GMT" time="25.814" errors="0">
  <testcase name="mainMethod" time="25.814" classname="com.testing.DriverScriptTest"/>
</testsuite> <!-- com.testing.DriverScriptTest -->
